D:\desktop_program\8dire_convolution_17-0623 - コピー\8convolution_17-0623\x64\Debug\8convolution_17-0623.exe.embed.manifest
D:\desktop_program\8dire_convolution_17-0623 - コピー\8convolution_17-0623\x64\Debug\8convolution_17-0623.exe.embed.manifest.res
D:\desktop_program\8dire_convolution_17-0623 - コピー\8convolution_17-0623\x64\Debug\8convolution_17-0623.exe.intermediate.manifest
D:\desktop_program\8dire_convolution_17-0623 - コピー\8convolution_17-0623\x64\Debug\8convolution_17-0623.vcxprojResolveAssemblyReference.cache
D:\desktop_program\8dire_convolution_17-0623 - コピー\8convolution_17-0623\x64\Debug\8convolution_17-0623.write.1.tlog
D:\desktop_program\8dire_convolution_17-0623 - コピー\8convolution_17-0623\x64\Debug\8convolution_17-0623_manifest.rc
D:\DESKTOP_PROGRAM\8DIRE_CONVOLUTION_17-0623 - コピー\8CONVOLUTION_17-0623\X64\DEBUG\ARCTAN.OBJ
D:\desktop_program\8dire_convolution_17-0623 - コピー\8convolution_17-0623\x64\Debug\cl.command.1.tlog
D:\desktop_program\8dire_convolution_17-0623 - コピー\8convolution_17-0623\x64\Debug\CL.read.1.tlog
D:\desktop_program\8dire_convolution_17-0623 - コピー\8convolution_17-0623\x64\Debug\CL.write.1.tlog
D:\DESKTOP_PROGRAM\8DIRE_CONVOLUTION_17-0623 - コピー\8CONVOLUTION_17-0623\X64\DEBUG\COS-SIM.OBJ
D:\DESKTOP_PROGRAM\8DIRE_CONVOLUTION_17-0623 - コピー\8CONVOLUTION_17-0623\X64\DEBUG\COS-SIM_RESULT_ROWS.OBJ
D:\desktop_program\8dire_convolution_17-0623 - コピー\8convolution_17-0623\x64\Debug\link.2064.read.1.tlog
D:\desktop_program\8dire_convolution_17-0623 - コピー\8convolution_17-0623\x64\Debug\link.2064.write.1.tlog
D:\desktop_program\8dire_convolution_17-0623 - コピー\8convolution_17-0623\x64\Debug\link.2064-cvtres.read.1.tlog
D:\desktop_program\8dire_convolution_17-0623 - コピー\8convolution_17-0623\x64\Debug\link.2064-cvtres.write.1.tlog
D:\desktop_program\8dire_convolution_17-0623 - コピー\8convolution_17-0623\x64\Debug\link.4984.read.1.tlog
D:\desktop_program\8dire_convolution_17-0623 - コピー\8convolution_17-0623\x64\Debug\link.4984.write.1.tlog
D:\desktop_program\8dire_convolution_17-0623 - コピー\8convolution_17-0623\x64\Debug\link.4984-cvtres.read.1.tlog
D:\desktop_program\8dire_convolution_17-0623 - コピー\8convolution_17-0623\x64\Debug\link.4984-cvtres.write.1.tlog
D:\desktop_program\8dire_convolution_17-0623 - コピー\8convolution_17-0623\x64\Debug\link.command.1.tlog
D:\desktop_program\8dire_convolution_17-0623 - コピー\8convolution_17-0623\x64\Debug\link.read.1.tlog
D:\desktop_program\8dire_convolution_17-0623 - コピー\8convolution_17-0623\x64\Debug\link.write.1.tlog
D:\desktop_program\8dire_convolution_17-0623 - コピー\8convolution_17-0623\x64\Debug\link-cvtres.read.1.tlog
D:\desktop_program\8dire_convolution_17-0623 - コピー\8convolution_17-0623\x64\Debug\link-cvtres.write.1.tlog
D:\DESKTOP_PROGRAM\8DIRE_CONVOLUTION_17-0623 - コピー\8CONVOLUTION_17-0623\X64\DEBUG\MAKE_IMAGE.OBJ
D:\desktop_program\8dire_convolution_17-0623 - コピー\8convolution_17-0623\x64\Debug\mt.command.1.tlog
D:\desktop_program\8dire_convolution_17-0623 - コピー\8convolution_17-0623\x64\Debug\mt.read.1.tlog
D:\desktop_program\8dire_convolution_17-0623 - コピー\8convolution_17-0623\x64\Debug\mt.write.1.tlog
D:\DESKTOP_PROGRAM\8DIRE_CONVOLUTION_17-0623 - コピー\8CONVOLUTION_17-0623\X64\DEBUG\NRUTIL.OBJ
D:\desktop_program\8dire_convolution_17-0623 - コピー\8convolution_17-0623\x64\Debug\rc.command.1.tlog
D:\desktop_program\8dire_convolution_17-0623 - コピー\8convolution_17-0623\x64\Debug\rc.read.1.tlog
D:\desktop_program\8dire_convolution_17-0623 - コピー\8convolution_17-0623\x64\Debug\rc.write.1.tlog
D:\DESKTOP_PROGRAM\8DIRE_CONVOLUTION_17-0623 - コピー\8CONVOLUTION_17-0623\X64\DEBUG\TIME.OBJ
D:\desktop_program\8dire_convolution_17-0623 - コピー\8convolution_17-0623\x64\Debug\vc100.idb
D:\DESKTOP_PROGRAM\8DIRE_CONVOLUTION_17-0623 - コピー\8CONVOLUTION_17-0623\X64\DEBUG\VC100.PDB
D:\desktop_program\8dire_convolution_17-0623 - コピー\x64\Debug\8convolution_17-0623.exe
D:\desktop_program\8dire_convolution_17-0623 - コピー\x64\Debug\8convolution_17-0623.ilk
D:\desktop_program\8dire_convolution_17-0623 - コピー\x64\Debug\8convolution_17-0623.pdb
D:\DESKTOP_PROGRAM\8DIRE_CONVOLUTION_17-0623\8CONVOLUTION_17-0623\X64\DEBUG\8CONVOLUTION_17-0623.EXE.EMBED.MANIFEST
D:\DESKTOP_PROGRAM\8DIRE_CONVOLUTION_17-0623\8CONVOLUTION_17-0623\X64\DEBUG\8CONVOLUTION_17-0623.EXE.EMBED.MANIFEST.RES
D:\DESKTOP_PROGRAM\8DIRE_CONVOLUTION_17-0623\8CONVOLUTION_17-0623\X64\DEBUG\8CONVOLUTION_17-0623.EXE.INTERMEDIATE.MANIFEST
D:\DESKTOP_PROGRAM\8DIRE_CONVOLUTION_17-0623\8CONVOLUTION_17-0623\X64\DEBUG\ARCTAN.OBJ
D:\DESKTOP_PROGRAM\8DIRE_CONVOLUTION_17-0623\8CONVOLUTION_17-0623\X64\DEBUG\CONVOLUTION.OBJ
D:\DESKTOP_PROGRAM\8DIRE_CONVOLUTION_17-0623\8CONVOLUTION_17-0623\X64\DEBUG\COS-SIM.OBJ
D:\DESKTOP_PROGRAM\8DIRE_CONVOLUTION_17-0623\8CONVOLUTION_17-0623\X64\DEBUG\COS-SIM_RESULT_ROWS.OBJ
D:\DESKTOP_PROGRAM\8DIRE_CONVOLUTION_17-0623\8CONVOLUTION_17-0623\X64\DEBUG\MAIN.OBJ
D:\DESKTOP_PROGRAM\8DIRE_CONVOLUTION_17-0623\8CONVOLUTION_17-0623\X64\DEBUG\MAKE_IMAGE.OBJ
D:\DESKTOP_PROGRAM\8DIRE_CONVOLUTION_17-0623\8CONVOLUTION_17-0623\X64\DEBUG\NRUTIL.OBJ
D:\DESKTOP_PROGRAM\8DIRE_CONVOLUTION_17-0623\8CONVOLUTION_17-0623\X64\DEBUG\TIME.OBJ
D:\DESKTOP_PROGRAM\8DIRE_CONVOLUTION_17-0623\8CONVOLUTION_17-0623\X64\DEBUG\VC100.PDB
D:\DESKTOP_PROGRAM\8DIRE_CONVOLUTION_17-0623\X64\DEBUG\8CONVOLUTION_17-0623.EXE
D:\DESKTOP_PROGRAM\8DIRE_CONVOLUTION_17-0623\X64\DEBUG\8CONVOLUTION_17-0623.ILK
D:\DESKTOP_PROGRAM\8DIRE_CONVOLUTION_17-0623\X64\DEBUG\8CONVOLUTION_17-0623.PDB
